D:\PostgreSQL\pgadmin3\pgadmin\include\images\aggregate-sm.pngc
D:\PostgreSQL\pgadmin3\pgadmin\include\images\aggregate.pngc
D:\PostgreSQL\pgadmin3\pgadmin\include\images\aggregates.pngc
D:\PostgreSQL\pgadmin3\pgadmin\include\images\back.pngc
D:\PostgreSQL\pgadmin3\pgadmin\include\images\backup.pngc
D:\PostgreSQL\pgadmin3\pgadmin\include\images\baddatabase.pngc
D:\PostgreSQL\pgadmin3\pgadmin\include\images\cast-sm.pngc
D:\PostgreSQL\pgadmin3\pgadmin\include\images\cast.pngc
D:\PostgreSQL\pgadmin3\pgadmin\include\images\casts.pngc
D:\PostgreSQL\pgadmin3\pgadmin\include\images\catalog-sm.pngc
D:\PostgreSQL\pgadmin3\pgadmin\include\images\catalog.pngc
D:\PostgreSQL\pgadmin3\pgadmin\include\images\catalogobject-sm.pngc
D:\PostgreSQL\pgadmin3\pgadmin\include\images\catalogobject.pngc
D:\PostgreSQL\pgadmin3\pgadmin\include\images\catalogobjects.pngc
D:\PostgreSQL\pgadmin3\pgadmin\include\images\catalogs.pngc
D:\PostgreSQL\pgadmin3\pgadmin\include\images\check.pngc
D:\PostgreSQL\pgadmin3\pgadmin\include\images\checkbad.pngc
D:\PostgreSQL\pgadmin3\pgadmin\include\images\checked.pngc
D:\PostgreSQL\pgadmin3\pgadmin\include\images\clearAll.pngc
D:\PostgreSQL\pgadmin3\pgadmin\include\images\clip_copy.pngc
D:\PostgreSQL\pgadmin3\pgadmin\include\images\clip_cut.pngc
D:\PostgreSQL\pgadmin3\pgadmin\include\images\clip_paste.pngc
D:\PostgreSQL\pgadmin3\pgadmin\include\images\closeddatabase-sm.pngc
D:\PostgreSQL\pgadmin3\pgadmin\include\images\closeddatabase.pngc
D:\PostgreSQL\pgadmin3\pgadmin\include\images\collation-sm.pngc
D:\PostgreSQL\pgadmin3\pgadmin\include\images\collation.pngc
D:\PostgreSQL\pgadmin3\pgadmin\include\images\collations.pngc
D:\PostgreSQL\pgadmin3\pgadmin\include\images\column-sm.pngc
D:\PostgreSQL\pgadmin3\pgadmin\include\images\column.pngc
D:\PostgreSQL\pgadmin3\pgadmin\include\images\columns.pngc
D:\PostgreSQL\pgadmin3\pgadmin\include\images\configuration.pngc
D:\PostgreSQL\pgadmin3\pgadmin\include\images\configurations.pngc
D:\PostgreSQL\pgadmin3\pgadmin\include\images\connect.pngc
D:\PostgreSQL\pgadmin3\pgadmin\include\images\constraints.pngc
D:\PostgreSQL\pgadmin3\pgadmin\include\images\continue.pngc
D:\PostgreSQL\pgadmin3\pgadmin\include\images\conversion.pngc
D:\PostgreSQL\pgadmin3\pgadmin\include\images\conversions.pngc
D:\PostgreSQL\pgadmin3\pgadmin\include\images\create.pngc
D:\PostgreSQL\pgadmin3\pgadmin\include\images\database-sm.pngc
D:\PostgreSQL\pgadmin3\pgadmin\include\images\database.pngc
D:\PostgreSQL\pgadmin3\pgadmin\include\images\databases.pngc
D:\PostgreSQL\pgadmin3\pgadmin\include\images\ddAddColumn.pngc
D:\PostgreSQL\pgadmin3\pgadmin\include\images\ddAddColumnCursor.pngc
D:\PostgreSQL\pgadmin3\pgadmin\include\images\ddAddForeignKey.pngc
D:\PostgreSQL\pgadmin3\pgadmin\include\images\ddcancel.pngc
D:\PostgreSQL\pgadmin3\pgadmin\include\images\ddDeleteTableCursor.pngc
D:\PostgreSQL\pgadmin3\pgadmin\include\images\ddDown.pngc
D:\PostgreSQL\pgadmin3\pgadmin\include\images\ddforeignkey.pngc
D:\PostgreSQL\pgadmin3\pgadmin\include\images\ddforeignkeyfromuk.pngc
D:\PostgreSQL\pgadmin3\pgadmin\include\images\ddforeignkeyuniquekey.pngc
D:\PostgreSQL\pgadmin3\pgadmin\include\images\ddforeignkeyuniquekeyfromuk.pngc
D:\PostgreSQL\pgadmin3\pgadmin\include\images\ddgendiagram.pngc
D:\PostgreSQL\pgadmin3\pgadmin\include\images\ddMaximizeTable.pngc
D:\PostgreSQL\pgadmin3\pgadmin\include\images\ddMinimizeTable.pngc
D:\PostgreSQL\pgadmin3\pgadmin\include\images\ddMinMaxCursor.pngc
D:\PostgreSQL\pgadmin3\pgadmin\Debug\pgAdmin3.write.1.tlog
